2020-09-03 12:59:31.893 -INFO- null [null] boot_proc = [] proc_sys = [] req_id = [null] usr_id = [null] initialized.
	WRITER NAME        = [writer.appFile]
	WRITER CLASS       = [nablarch.core.log.basic.FileLogWriter]
	FORMATTER CLASS    = [nablarch.core.log.basic.BasicLogFormatter]
	LEVEL              = [null]
	FILE PATH          = [./app.log]
	ENCODING           = [UTF-8]
	OUTPUT BUFFER SIZE = [8000]
	FILE AUTO CHANGE   = [true]
	MAX FILE SIZE      = [10000000]
	CURRENT FILE SIZE  = [0]
2020-09-03 12:59:31.899 -INFO- null [null] boot_proc = [] proc_sys = [] req_id = [null] usr_id = [null] initialized.
	LOGGER = [DEV] NAME REGEX = [DEV] LEVEL = [INFO]
	LOGGER = [PER] NAME REGEX = [PERFORMANCE] LEVEL = [INFO]
	LOGGER = [SQL] NAME REGEX = [SQL] LEVEL = [INFO]
	LOGGER = [ROO] NAME REGEX = [.*] LEVEL = [INFO]
2020-09-03 12:59:31.908 -INFO- nablarch.fw.launcher.Main [null] boot_proc = [] proc_sys = [] req_id = [null] usr_id = [null] @@@@ BEGIN @@@@
	command line options = {
		userId = [batch_user]
		requestPath = [SampleBatch]
		diConfig = [classpath:batch-boot.xml]
	}
	command line arguments = {
	}
2020-09-03 12:59:32.145 -WARN- nablarch.core.repository.di.config.xml.XmlComponentDefinitionLoader [null] boot_proc = [] proc_sys = [] req_id = [null] usr_id = [null] component property was overridden. component name = businessDateProvider, property = tableName
2020-09-03 12:59:32.148 -WARN- nablarch.core.repository.di.config.xml.XmlComponentDefinitionLoader [null] boot_proc = [] proc_sys = [] req_id = [null] usr_id = [null] component property was overridden. component name = businessDateProvider, property = segmentColumnName
2020-09-03 12:59:32.151 -WARN- nablarch.core.repository.di.config.xml.XmlComponentDefinitionLoader [null] boot_proc = [] proc_sys = [] req_id = [null] usr_id = [null] component property was overridden. component name = businessDateProvider, property = dateColumnName
2020-09-03 12:59:32.153 -WARN- nablarch.core.repository.di.config.xml.XmlComponentDefinitionLoader [null] boot_proc = [] proc_sys = [] req_id = [null] usr_id = [null] component property was overridden. component name = businessDateProvider, property = defaultSegment
2020-09-03 12:59:32.154 -WARN- nablarch.core.repository.di.config.xml.XmlComponentDefinitionLoader [null] boot_proc = [] proc_sys = [] req_id = [null] usr_id = [null] component property was overridden. component name = businessDateProvider, property = dbTransactionManager
2020-09-03 12:59:32.553 -INFO- nablarch.fw.launcher.Main [null] boot_proc = [] proc_sys = [] req_id = [null] usr_id = [null] @@@@ APPLICATION SETTINGS @@@@
	system settings = {
	}
	business date = [20140123]
2020-09-03 12:59:32.567 -INFO- com.example.SampleBatch [202009031259325660002] boot_proc = [] proc_sys = [] req_id = [SampleBatch] usr_id = [batch_user] 疎通確認を開始します。
2020-09-03 12:59:32.616 -INFO- com.example.SampleBatch [202009031259325660002] boot_proc = [] proc_sys = [] req_id = [SampleBatch] usr_id = [batch_user] 取得したコード名称：ロック
2020-09-03 12:59:32.617 -INFO- com.example.SampleBatch [202009031259325660002] boot_proc = [] proc_sys = [] req_id = [SampleBatch] usr_id = [batch_user] 疎通確認が完了しました。
2020-09-03 12:59:32.620 -INFO- nablarch.fw.handler.MultiThreadExecutionHandler [202009031259325550001] boot_proc = [] proc_sys = [] req_id = [SampleBatch] usr_id = [batch_user] 
Thread Status: normal end.
Thread Result:[200 Success] The request has succeeded.
2020-09-03 12:59:32.623 -INFO- nablarch.core.log.app.BasicCommitLogger [202009031259325550001] boot_proc = [] proc_sys = [] req_id = [SampleBatch] usr_id = [batch_user] TOTAL COMMIT COUNT = [1]
2020-09-03 12:59:32.625 -INFO- nablarch.fw.launcher.Main [null] boot_proc = [] proc_sys = [] req_id = [null] usr_id = [null] @@@@ END @@@@ exit code = [0] execute time(ms) = [714]
